2021-11-14 17:58:44.743  INFO 10188 --- [main] SpringBootCoreDataJpaMvcRest1Application : Starting TimesheetSpringBootCoreDataJpaMvcRest1Application on DESKTOP-VE03B7P with PID 10188 (C:\Users\ASUS\Desktop\TimesheetProject\target\classes started by ASUS in C:\Users\ASUS\Desktop\TimesheetProject)
2021-11-14 17:58:44.777  INFO 10188 --- [main] SpringBootCoreDataJpaMvcRest1Application : No active profile set, falling back to default profiles: default
2021-11-14 17:58:45.400  INFO 10188 --- [main] .s.d.r.c.RepositoryConfigurationDelegate : Bootstrapping Spring Data repositories in DEFAULT mode.
2021-11-14 17:58:45.472  INFO 10188 --- [main] .s.d.r.c.RepositoryConfigurationDelegate : Finished Spring Data repository scanning in 64ms. Found 6 repository interfaces.
2021-11-14 17:58:45.804  INFO 10188 --- [main] trationDelegate$BeanPostProcessorChecker : Bean 'org.springframework.transaction.annotation.ProxyTransactionManagementConfiguration' of type [org.springframework.transaction.annotation.ProxyTransactionManagementConfiguration$$EnhancerBySpringCGLIB$$216532a5] is not eligible for getting processed by all BeanPostProcessors (for example: not eligible for auto-proxying)
2021-11-14 17:58:46.125  INFO 10188 --- [main] o.s.b.w.embedded.tomcat.TomcatWebServer  : Tomcat initialized with port(s): 8081 (http)
2021-11-14 17:58:46.148  INFO 10188 --- [main] o.apache.catalina.core.StandardService   : Starting service [Tomcat]
2021-11-14 17:58:46.148  INFO 10188 --- [main] org.apache.catalina.core.StandardEngine  : Starting Servlet engine: [Apache Tomcat/9.0.17]
2021-11-14 17:58:46.344  INFO 10188 --- [main] o.a.c.c.C.[.[localhost].[/SpringMVC]     : Initializing Spring embedded WebApplicationContext
2021-11-14 17:58:46.344  INFO 10188 --- [main] o.s.web.context.ContextLoader            : Root WebApplicationContext: initialization completed in 1517 ms
2021-11-14 17:58:46.503  INFO 10188 --- [main] com.zaxxer.hikari.HikariDataSource       : HikariPool-1 - Starting...
2021-11-14 17:58:46.627  INFO 10188 --- [main] com.zaxxer.hikari.HikariDataSource       : HikariPool-1 - Start completed.
2021-11-14 17:58:46.675  INFO 10188 --- [main] o.hibernate.jpa.internal.util.LogHelper  : HHH000204: Processing PersistenceUnitInfo [
	name: default
	...]
2021-11-14 17:58:46.725  INFO 10188 --- [main] org.hibernate.Version                    : HHH000412: Hibernate Core {5.3.9.Final}
2021-11-14 17:58:46.726  INFO 10188 --- [main] org.hibernate.cfg.Environment            : HHH000206: hibernate.properties not found
2021-11-14 17:58:46.905  INFO 10188 --- [main] o.hibernate.annotations.common.Version   : HCANN000001: Hibernate Commons Annotations {5.0.4.Final}
2021-11-14 17:58:47.290  INFO 10188 --- [main] org.hibernate.dialect.Dialect            : HHH000400: Using dialect: org.hibernate.dialect.MySQL5Dialect
2021-11-14 17:58:48.542  INFO 10188 --- [main] j.LocalContainerEntityManagerFactoryBean : Initialized JPA EntityManagerFactory for persistence unit 'default'
2021-11-14 17:58:48.842  INFO 10188 --- [main] o.h.h.i.QueryTranslatorFactoryInitiator  : HHH000397: Using ASTQueryTranslatorFactory
2021-11-14 17:58:49.512  INFO 10188 --- [main] o.s.s.concurrent.ThreadPoolTaskExecutor  : Initializing ExecutorService 'applicationTaskExecutor'
2021-11-14 17:58:49.560  WARN 10188 --- [main] aWebConfiguration$JpaWebMvcConfiguration : spring.jpa.open-in-view is enabled by default. Therefore, database queries may be performed during view rendering. Explicitly configure spring.jpa.open-in-view to disable this warning
2021-11-14 17:58:49.771  INFO 10188 --- [main] o.s.b.w.embedded.tomcat.TomcatWebServer  : Tomcat started on port(s): 8081 (http) with context path '/SpringMVC'
2021-11-14 17:58:49.773  INFO 10188 --- [main] SpringBootCoreDataJpaMvcRest1Application : Started TimesheetSpringBootCoreDataJpaMvcRest1Application in 5.334 seconds (JVM running for 5.891)
2021-11-14 18:06:56.028  INFO 10188 --- [RMI TCP Connection(2)-127.0.0.1] inMXBeanRegistrar$SpringApplicationAdmin : Application shutdown requested.
2021-11-14 18:06:56.031  INFO 10188 --- [RMI TCP Connection(2)-127.0.0.1] o.s.s.concurrent.ThreadPoolTaskExecutor  : Shutting down ExecutorService 'applicationTaskExecutor'
2021-11-14 18:06:56.035  INFO 10188 --- [RMI TCP Connection(2)-127.0.0.1] j.LocalContainerEntityManagerFactoryBean : Closing JPA EntityManagerFactory for persistence unit 'default'
2021-11-14 18:06:56.038  INFO 10188 --- [RMI TCP Connection(2)-127.0.0.1] com.zaxxer.hikari.HikariDataSource       : HikariPool-1 - Shutdown initiated...
2021-11-14 18:06:56.042  INFO 10188 --- [RMI TCP Connection(2)-127.0.0.1] com.zaxxer.hikari.HikariDataSource       : HikariPool-1 - Shutdown completed.
2021-11-14 19:37:00.504  INFO 2464 --- [main] tn.esprit.spring.tests.MissionTest       : Starting MissionTest on DESKTOP-VE03B7P with PID 2464 (started by ASUS in C:\Users\ASUS\Desktop\TimesheetProject)
2021-11-14 19:37:00.506  INFO 2464 --- [main] tn.esprit.spring.tests.MissionTest       : No active profile set, falling back to default profiles: default
2021-11-14 19:37:01.775  INFO 2464 --- [main] .s.d.r.c.RepositoryConfigurationDelegate : Bootstrapping Spring Data repositories in DEFAULT mode.
2021-11-14 19:37:01.864  INFO 2464 --- [main] .s.d.r.c.RepositoryConfigurationDelegate : Finished Spring Data repository scanning in 74ms. Found 6 repository interfaces.
2021-11-14 19:37:02.775  INFO 2464 --- [main] trationDelegate$BeanPostProcessorChecker : Bean 'org.springframework.transaction.annotation.ProxyTransactionManagementConfiguration' of type [org.springframework.transaction.annotation.ProxyTransactionManagementConfiguration$$EnhancerBySpringCGLIB$$3500071f] is not eligible for getting processed by all BeanPostProcessors (for example: not eligible for auto-proxying)
2021-11-14 19:37:03.053  INFO 2464 --- [main] com.zaxxer.hikari.HikariDataSource       : HikariPool-1 - Starting...
2021-11-14 19:37:03.888  INFO 2464 --- [main] com.zaxxer.hikari.HikariDataSource       : HikariPool-1 - Start completed.
2021-11-14 19:37:03.966  INFO 2464 --- [main] o.hibernate.jpa.internal.util.LogHelper  : HHH000204: Processing PersistenceUnitInfo [
	name: default
	...]
2021-11-14 19:37:04.246  INFO 2464 --- [main] org.hibernate.Version                    : HHH000412: Hibernate Core {5.3.9.Final}
2021-11-14 19:37:04.248  INFO 2464 --- [main] org.hibernate.cfg.Environment            : HHH000206: hibernate.properties not found
2021-11-14 19:37:04.382  INFO 2464 --- [main] o.hibernate.annotations.common.Version   : HCANN000001: Hibernate Commons Annotations {5.0.4.Final}
2021-11-14 19:37:04.740  INFO 2464 --- [main] org.hibernate.dialect.Dialect            : HHH000400: Using dialect: org.hibernate.dialect.MySQL5Dialect
2021-11-14 19:37:06.738  INFO 2464 --- [main] j.LocalContainerEntityManagerFactoryBean : Initialized JPA EntityManagerFactory for persistence unit 'default'
2021-11-14 19:37:07.159  INFO 2464 --- [main] o.h.h.i.QueryTranslatorFactoryInitiator  : HHH000397: Using ASTQueryTranslatorFactory
2021-11-14 19:37:08.471  INFO 2464 --- [main] o.s.s.concurrent.ThreadPoolTaskExecutor  : Initializing ExecutorService 'applicationTaskExecutor'
2021-11-14 19:37:08.538  WARN 2464 --- [main] aWebConfiguration$JpaWebMvcConfiguration : spring.jpa.open-in-view is enabled by default. Therefore, database queries may be performed during view rendering. Explicitly configure spring.jpa.open-in-view to disable this warning
2021-11-14 19:37:08.928  INFO 2464 --- [main] tn.esprit.spring.tests.MissionTest       : Started MissionTest in 8.835 seconds (JVM running for 10.192)
2021-11-14 19:37:08.985  INFO 2464 --- [Time-limited test] tn.esprit.spring.tests.MissionTest       : let's start , show me all missions ? 
2021-11-14 19:37:09.002  INFO 2464 --- [Time-limited test] tn.esprit.spring.tests.MissionTest       : started add test ! 
2021-11-14 19:37:09.005  INFO 2464 --- [Time-limited test] tn.esprit.spring.tests.MissionTest       : first missiontn.esprit.spring.entities.Mission@7b68cdc0
2021-11-14 19:37:09.006  INFO 2464 --- [Time-limited test] tn.esprit.spring.tests.MissionTest       : Test add mission done successfully ! 
2021-11-14 19:37:09.074  INFO 2464 --- [Thread-3] o.s.s.concurrent.ThreadPoolTaskExecutor  : Shutting down ExecutorService 'applicationTaskExecutor'
2021-11-14 19:37:09.076  INFO 2464 --- [Thread-3] j.LocalContainerEntityManagerFactoryBean : Closing JPA EntityManagerFactory for persistence unit 'default'
2021-11-14 19:37:09.079  INFO 2464 --- [Thread-3] com.zaxxer.hikari.HikariDataSource       : HikariPool-1 - Shutdown initiated...
2021-11-14 19:37:09.085  INFO 2464 --- [Thread-3] com.zaxxer.hikari.HikariDataSource       : HikariPool-1 - Shutdown completed.
2021-11-14 19:37:20.047  INFO 11612 --- [main] tn.esprit.spring.tests.MissionTest       : Starting MissionTest on DESKTOP-VE03B7P with PID 11612 (started by ASUS in C:\Users\ASUS\Desktop\TimesheetProject)
2021-11-14 19:37:20.051  INFO 11612 --- [main] tn.esprit.spring.tests.MissionTest       : No active profile set, falling back to default profiles: default
2021-11-14 19:37:20.738  INFO 11612 --- [main] .s.d.r.c.RepositoryConfigurationDelegate : Bootstrapping Spring Data repositories in DEFAULT mode.
2021-11-14 19:37:20.838  INFO 11612 --- [main] .s.d.r.c.RepositoryConfigurationDelegate : Finished Spring Data repository scanning in 84ms. Found 6 repository interfaces.
2021-11-14 19:37:21.632  INFO 11612 --- [main] trationDelegate$BeanPostProcessorChecker : Bean 'org.springframework.transaction.annotation.ProxyTransactionManagementConfiguration' of type [org.springframework.transaction.annotation.ProxyTransactionManagementConfiguration$$EnhancerBySpringCGLIB$$b0afab9a] is not eligible for getting processed by all BeanPostProcessors (for example: not eligible for auto-proxying)
2021-11-14 19:37:21.855  INFO 11612 --- [main] com.zaxxer.hikari.HikariDataSource       : HikariPool-1 - Starting...
2021-11-14 19:37:21.999  INFO 11612 --- [main] com.zaxxer.hikari.HikariDataSource       : HikariPool-1 - Start completed.
2021-11-14 19:37:22.057  INFO 11612 --- [main] o.hibernate.jpa.internal.util.LogHelper  : HHH000204: Processing PersistenceUnitInfo [
	name: default
	...]
2021-11-14 19:37:22.118  INFO 11612 --- [main] org.hibernate.Version                    : HHH000412: Hibernate Core {5.3.9.Final}
2021-11-14 19:37:22.120  INFO 11612 --- [main] org.hibernate.cfg.Environment            : HHH000206: hibernate.properties not found
2021-11-14 19:37:22.170  INFO 11612 --- [main] o.hibernate.annotations.common.Version   : HCANN000001: Hibernate Commons Annotations {5.0.4.Final}
2021-11-14 19:37:22.407  INFO 11612 --- [main] org.hibernate.dialect.Dialect            : HHH000400: Using dialect: org.hibernate.dialect.MySQL5Dialect
2021-11-14 19:37:23.595  INFO 11612 --- [main] j.LocalContainerEntityManagerFactoryBean : Initialized JPA EntityManagerFactory for persistence unit 'default'
2021-11-14 19:37:23.963  INFO 11612 --- [main] o.h.h.i.QueryTranslatorFactoryInitiator  : HHH000397: Using ASTQueryTranslatorFactory
2021-11-14 19:37:25.122  INFO 11612 --- [main] o.s.s.concurrent.ThreadPoolTaskExecutor  : Initializing ExecutorService 'applicationTaskExecutor'
2021-11-14 19:37:25.196  WARN 11612 --- [main] aWebConfiguration$JpaWebMvcConfiguration : spring.jpa.open-in-view is enabled by default. Therefore, database queries may be performed during view rendering. Explicitly configure spring.jpa.open-in-view to disable this warning
2021-11-14 19:37:25.595  INFO 11612 --- [main] tn.esprit.spring.tests.MissionTest       : Started MissionTest in 5.837 seconds (JVM running for 6.671)
2021-11-14 19:37:25.620  INFO 11612 --- [Time-limited test] tn.esprit.spring.tests.MissionTest       : let's start , show me all missions ? 
2021-11-14 19:37:25.640  INFO 11612 --- [Time-limited test] tn.esprit.spring.tests.MissionTest       : started add test ! 
2021-11-14 19:37:25.644  INFO 11612 --- [Time-limited test] tn.esprit.spring.tests.MissionTest       : first missiontn.esprit.spring.entities.Mission@d8e63c
2021-11-14 19:37:25.645  INFO 11612 --- [Time-limited test] tn.esprit.spring.tests.MissionTest       : Test add mission done successfully ! 
2021-11-14 19:37:25.697  INFO 11612 --- [Thread-3] o.s.s.concurrent.ThreadPoolTaskExecutor  : Shutting down ExecutorService 'applicationTaskExecutor'
2021-11-14 19:37:25.699  INFO 11612 --- [Thread-3] j.LocalContainerEntityManagerFactoryBean : Closing JPA EntityManagerFactory for persistence unit 'default'
2021-11-14 19:37:25.702  INFO 11612 --- [Thread-3] com.zaxxer.hikari.HikariDataSource       : HikariPool-1 - Shutdown initiated...
2021-11-14 19:37:25.708  INFO 11612 --- [Thread-3] com.zaxxer.hikari.HikariDataSource       : HikariPool-1 - Shutdown completed.
2021-11-14 19:37:43.535  INFO 16108 --- [main] tn.esprit.spring.tests.MissionTest       : Starting MissionTest on DESKTOP-VE03B7P with PID 16108 (started by ASUS in C:\Users\ASUS\Desktop\TimesheetProject)
2021-11-14 19:37:43.537  INFO 16108 --- [main] tn.esprit.spring.tests.MissionTest       : No active profile set, falling back to default profiles: default
2021-11-14 19:37:44.353  INFO 16108 --- [main] .s.d.r.c.RepositoryConfigurationDelegate : Bootstrapping Spring Data repositories in DEFAULT mode.
2021-11-14 19:37:44.444  INFO 16108 --- [main] .s.d.r.c.RepositoryConfigurationDelegate : Finished Spring Data repository scanning in 83ms. Found 6 repository interfaces.
2021-11-14 19:37:45.206  INFO 16108 --- [main] trationDelegate$BeanPostProcessorChecker : Bean 'org.springframework.transaction.annotation.ProxyTransactionManagementConfiguration' of type [org.springframework.transaction.annotation.ProxyTransactionManagementConfiguration$$EnhancerBySpringCGLIB$$7c267930] is not eligible for getting processed by all BeanPostProcessors (for example: not eligible for auto-proxying)
2021-11-14 19:37:45.406  INFO 16108 --- [main] com.zaxxer.hikari.HikariDataSource       : HikariPool-1 - Starting...
2021-11-14 19:37:45.552  INFO 16108 --- [main] com.zaxxer.hikari.HikariDataSource       : HikariPool-1 - Start completed.
2021-11-14 19:37:45.608  INFO 16108 --- [main] o.hibernate.jpa.internal.util.LogHelper  : HHH000204: Processing PersistenceUnitInfo [
	name: default
	...]
2021-11-14 19:37:45.668  INFO 16108 --- [main] org.hibernate.Version                    : HHH000412: Hibernate Core {5.3.9.Final}
2021-11-14 19:37:45.670  INFO 16108 --- [main] org.hibernate.cfg.Environment            : HHH000206: hibernate.properties not found
2021-11-14 19:37:45.713  INFO 16108 --- [main] o.hibernate.annotations.common.Version   : HCANN000001: Hibernate Commons Annotations {5.0.4.Final}
2021-11-14 19:37:45.982  INFO 16108 --- [main] org.hibernate.dialect.Dialect            : HHH000400: Using dialect: org.hibernate.dialect.MySQL5Dialect
2021-11-14 19:37:47.372  INFO 16108 --- [main] j.LocalContainerEntityManagerFactoryBean : Initialized JPA EntityManagerFactory for persistence unit 'default'
2021-11-14 19:37:47.701  INFO 16108 --- [main] o.h.h.i.QueryTranslatorFactoryInitiator  : HHH000397: Using ASTQueryTranslatorFactory
2021-11-14 19:37:48.773  INFO 16108 --- [main] o.s.s.concurrent.ThreadPoolTaskExecutor  : Initializing ExecutorService 'applicationTaskExecutor'
2021-11-14 19:37:48.829  WARN 16108 --- [main] aWebConfiguration$JpaWebMvcConfiguration : spring.jpa.open-in-view is enabled by default. Therefore, database queries may be performed during view rendering. Explicitly configure spring.jpa.open-in-view to disable this warning
2021-11-14 19:37:49.219  INFO 16108 --- [main] tn.esprit.spring.tests.MissionTest       : Started MissionTest in 6.034 seconds (JVM running for 6.764)
2021-11-14 19:37:49.252  INFO 16108 --- [Time-limited test] tn.esprit.spring.tests.MissionTest       : let's start , show me all missions ? 
2021-11-14 19:37:49.272  INFO 16108 --- [Time-limited test] tn.esprit.spring.tests.MissionTest       : started add test ! 
2021-11-14 19:37:49.275  INFO 16108 --- [Time-limited test] tn.esprit.spring.tests.MissionTest       : first missiontn.esprit.spring.entities.Mission@3f80c1fd
2021-11-14 19:37:49.277  INFO 16108 --- [Time-limited test] tn.esprit.spring.tests.MissionTest       : Test add mission done successfully ! 
2021-11-14 19:37:49.320  INFO 16108 --- [Thread-3] o.s.s.concurrent.ThreadPoolTaskExecutor  : Shutting down ExecutorService 'applicationTaskExecutor'
2021-11-14 19:37:49.323  INFO 16108 --- [Thread-3] j.LocalContainerEntityManagerFactoryBean : Closing JPA EntityManagerFactory for persistence unit 'default'
2021-11-14 19:37:49.325  INFO 16108 --- [Thread-3] com.zaxxer.hikari.HikariDataSource       : HikariPool-1 - Shutdown initiated...
2021-11-14 19:37:49.329  INFO 16108 --- [Thread-3] com.zaxxer.hikari.HikariDataSource       : HikariPool-1 - Shutdown completed.
2021-11-14 19:38:03.714  INFO 11420 --- [main] tn.esprit.spring.tests.MissionTest       : Starting MissionTest on DESKTOP-VE03B7P with PID 11420 (started by ASUS in C:\Users\ASUS\Desktop\TimesheetProject)
2021-11-14 19:38:03.716  INFO 11420 --- [main] tn.esprit.spring.tests.MissionTest       : No active profile set, falling back to default profiles: default
2021-11-14 19:38:04.464  INFO 11420 --- [main] .s.d.r.c.RepositoryConfigurationDelegate : Bootstrapping Spring Data repositories in DEFAULT mode.
2021-11-14 19:38:04.561  INFO 11420 --- [main] .s.d.r.c.RepositoryConfigurationDelegate : Finished Spring Data repository scanning in 88ms. Found 6 repository interfaces.
2021-11-14 19:38:05.330  INFO 11420 --- [main] trationDelegate$BeanPostProcessorChecker : Bean 'org.springframework.transaction.annotation.ProxyTransactionManagementConfiguration' of type [org.springframework.transaction.annotation.ProxyTransactionManagementConfiguration$$EnhancerBySpringCGLIB$$bd646f67] is not eligible for getting processed by all BeanPostProcessors (for example: not eligible for auto-proxying)
2021-11-14 19:38:05.542  INFO 11420 --- [main] com.zaxxer.hikari.HikariDataSource       : HikariPool-1 - Starting...
2021-11-14 19:38:05.700  INFO 11420 --- [main] com.zaxxer.hikari.HikariDataSource       : HikariPool-1 - Start completed.
2021-11-14 19:38:05.758  INFO 11420 --- [main] o.hibernate.jpa.internal.util.LogHelper  : HHH000204: Processing PersistenceUnitInfo [
	name: default
	...]
2021-11-14 19:38:05.814  INFO 11420 --- [main] org.hibernate.Version                    : HHH000412: Hibernate Core {5.3.9.Final}
2021-11-14 19:38:05.815  INFO 11420 --- [main] org.hibernate.cfg.Environment            : HHH000206: hibernate.properties not found
2021-11-14 19:38:05.859  INFO 11420 --- [main] o.hibernate.annotations.common.Version   : HCANN000001: Hibernate Commons Annotations {5.0.4.Final}
2021-11-14 19:38:06.088  INFO 11420 --- [main] org.hibernate.dialect.Dialect            : HHH000400: Using dialect: org.hibernate.dialect.MySQL5Dialect
2021-11-14 19:38:07.288  INFO 11420 --- [main] j.LocalContainerEntityManagerFactoryBean : Initialized JPA EntityManagerFactory for persistence unit 'default'
2021-11-14 19:38:07.676  INFO 11420 --- [main] o.h.h.i.QueryTranslatorFactoryInitiator  : HHH000397: Using ASTQueryTranslatorFactory
2021-11-14 19:38:08.830  INFO 11420 --- [main] o.s.s.concurrent.ThreadPoolTaskExecutor  : Initializing ExecutorService 'applicationTaskExecutor'
2021-11-14 19:38:08.911  WARN 11420 --- [main] aWebConfiguration$JpaWebMvcConfiguration : spring.jpa.open-in-view is enabled by default. Therefore, database queries may be performed during view rendering. Explicitly configure spring.jpa.open-in-view to disable this warning
2021-11-14 19:38:09.331  INFO 11420 --- [main] tn.esprit.spring.tests.MissionTest       : Started MissionTest in 5.991 seconds (JVM running for 6.811)
2021-11-14 19:38:09.364  INFO 11420 --- [Time-limited test] tn.esprit.spring.tests.MissionTest       : let's start , show me all missions ? 
2021-11-14 19:38:09.385  INFO 11420 --- [Time-limited test] tn.esprit.spring.tests.MissionTest       : started add test ! 
2021-11-14 19:38:09.389  INFO 11420 --- [Time-limited test] tn.esprit.spring.tests.MissionTest       : first missiontn.esprit.spring.entities.Mission@5fff480
2021-11-14 19:38:09.391  INFO 11420 --- [Time-limited test] tn.esprit.spring.tests.MissionTest       : Test add mission done successfully ! 
2021-11-14 19:38:09.461  INFO 11420 --- [Thread-3] o.s.s.concurrent.ThreadPoolTaskExecutor  : Shutting down ExecutorService 'applicationTaskExecutor'
2021-11-14 19:38:09.464  INFO 11420 --- [Thread-3] j.LocalContainerEntityManagerFactoryBean : Closing JPA EntityManagerFactory for persistence unit 'default'
2021-11-14 19:38:09.467  INFO 11420 --- [Thread-3] com.zaxxer.hikari.HikariDataSource       : HikariPool-1 - Shutdown initiated...
2021-11-14 19:38:09.473  INFO 11420 --- [Thread-3] com.zaxxer.hikari.HikariDataSource       : HikariPool-1 - Shutdown completed.
2021-11-14 19:40:08.864  INFO 2052 --- [main] tn.esprit.spring.tests.MissionTest       : Starting MissionTest on DESKTOP-VE03B7P with PID 2052 (started by ASUS in C:\Users\ASUS\Desktop\TimesheetProject)
2021-11-14 19:40:08.869  INFO 2052 --- [main] tn.esprit.spring.tests.MissionTest       : No active profile set, falling back to default profiles: default
2021-11-14 19:40:09.708  INFO 2052 --- [main] .s.d.r.c.RepositoryConfigurationDelegate : Bootstrapping Spring Data repositories in DEFAULT mode.
2021-11-14 19:40:09.804  INFO 2052 --- [main] .s.d.r.c.RepositoryConfigurationDelegate : Finished Spring Data repository scanning in 85ms. Found 6 repository interfaces.
2021-11-14 19:40:10.517  INFO 2052 --- [main] trationDelegate$BeanPostProcessorChecker : Bean 'org.springframework.transaction.annotation.ProxyTransactionManagementConfiguration' of type [org.springframework.transaction.annotation.ProxyTransactionManagementConfiguration$$EnhancerBySpringCGLIB$$bc9eea50] is not eligible for getting processed by all BeanPostProcessors (for example: not eligible for auto-proxying)
2021-11-14 19:40:10.771  INFO 2052 --- [main] com.zaxxer.hikari.HikariDataSource       : HikariPool-1 - Starting...
2021-11-14 19:40:10.901  INFO 2052 --- [main] com.zaxxer.hikari.HikariDataSource       : HikariPool-1 - Start completed.
2021-11-14 19:40:10.959  INFO 2052 --- [main] o.hibernate.jpa.internal.util.LogHelper  : HHH000204: Processing PersistenceUnitInfo [
	name: default
	...]
2021-11-14 19:40:11.016  INFO 2052 --- [main] org.hibernate.Version                    : HHH000412: Hibernate Core {5.3.9.Final}
2021-11-14 19:40:11.017  INFO 2052 --- [main] org.hibernate.cfg.Environment            : HHH000206: hibernate.properties not found
2021-11-14 19:40:11.062  INFO 2052 --- [main] o.hibernate.annotations.common.Version   : HCANN000001: Hibernate Commons Annotations {5.0.4.Final}
2021-11-14 19:40:11.291  INFO 2052 --- [main] org.hibernate.dialect.Dialect            : HHH000400: Using dialect: org.hibernate.dialect.MySQL5Dialect
2021-11-14 19:40:12.568  INFO 2052 --- [main] j.LocalContainerEntityManagerFactoryBean : Initialized JPA EntityManagerFactory for persistence unit 'default'
2021-11-14 19:40:12.870  INFO 2052 --- [main] o.h.h.i.QueryTranslatorFactoryInitiator  : HHH000397: Using ASTQueryTranslatorFactory
2021-11-14 19:40:13.948  INFO 2052 --- [main] o.s.s.concurrent.ThreadPoolTaskExecutor  : Initializing ExecutorService 'applicationTaskExecutor'
2021-11-14 19:40:14.018  WARN 2052 --- [main] aWebConfiguration$JpaWebMvcConfiguration : spring.jpa.open-in-view is enabled by default. Therefore, database queries may be performed during view rendering. Explicitly configure spring.jpa.open-in-view to disable this warning
2021-11-14 19:40:14.414  INFO 2052 --- [main] tn.esprit.spring.tests.MissionTest       : Started MissionTest in 5.877 seconds (JVM running for 6.629)
2021-11-14 19:40:14.441  INFO 2052 --- [Time-limited test] tn.esprit.spring.tests.MissionTest       : let's start , show me all missions ? 
2021-11-14 19:40:14.459  INFO 2052 --- [Time-limited test] tn.esprit.spring.tests.MissionTest       : started add test ! 
2021-11-14 19:40:14.462  INFO 2052 --- [Time-limited test] tn.esprit.spring.tests.MissionTest       : first missiontn.esprit.spring.entities.Mission@39f30cc0
2021-11-14 19:40:14.463  INFO 2052 --- [Time-limited test] tn.esprit.spring.tests.MissionTest       : Test add mission done successfully ! 
2021-11-14 19:40:14.519  INFO 2052 --- [Thread-3] o.s.s.concurrent.ThreadPoolTaskExecutor  : Shutting down ExecutorService 'applicationTaskExecutor'
2021-11-14 19:40:14.520  INFO 2052 --- [Thread-3] j.LocalContainerEntityManagerFactoryBean : Closing JPA EntityManagerFactory for persistence unit 'default'
2021-11-14 19:40:14.523  INFO 2052 --- [Thread-3] com.zaxxer.hikari.HikariDataSource       : HikariPool-1 - Shutdown initiated...
2021-11-14 19:40:14.527  INFO 2052 --- [Thread-3] com.zaxxer.hikari.HikariDataSource       : HikariPool-1 - Shutdown completed.
2021-11-14 19:41:02.833  INFO 3720 --- [main] tn.esprit.spring.tests.MissionTest       : Starting MissionTest on DESKTOP-VE03B7P with PID 3720 (started by ASUS in C:\Users\ASUS\Desktop\TimesheetProject)
2021-11-14 19:41:02.834  INFO 3720 --- [main] tn.esprit.spring.tests.MissionTest       : No active profile set, falling back to default profiles: default
2021-11-14 19:41:03.627  INFO 3720 --- [main] .s.d.r.c.RepositoryConfigurationDelegate : Bootstrapping Spring Data repositories in DEFAULT mode.
2021-11-14 19:41:03.726  INFO 3720 --- [main] .s.d.r.c.RepositoryConfigurationDelegate : Finished Spring Data repository scanning in 87ms. Found 6 repository interfaces.
2021-11-14 19:41:04.542  INFO 3720 --- [main] trationDelegate$BeanPostProcessorChecker : Bean 'org.springframework.transaction.annotation.ProxyTransactionManagementConfiguration' of type [org.springframework.transaction.annotation.ProxyTransactionManagementConfiguration$$EnhancerBySpringCGLIB$$cdaab6ed] is not eligible for getting processed by all BeanPostProcessors (for example: not eligible for auto-proxying)
2021-11-14 19:41:04.763  INFO 3720 --- [main] com.zaxxer.hikari.HikariDataSource       : HikariPool-1 - Starting...
2021-11-14 19:41:04.942  INFO 3720 --- [main] com.zaxxer.hikari.HikariDataSource       : HikariPool-1 - Start completed.
2021-11-14 19:41:05.004  INFO 3720 --- [main] o.hibernate.jpa.internal.util.LogHelper  : HHH000204: Processing PersistenceUnitInfo [
	name: default
	...]
2021-11-14 19:41:05.070  INFO 3720 --- [main] org.hibernate.Version                    : HHH000412: Hibernate Core {5.3.9.Final}
2021-11-14 19:41:05.071  INFO 3720 --- [main] org.hibernate.cfg.Environment            : HHH000206: hibernate.properties not found
2021-11-14 19:41:05.120  INFO 3720 --- [main] o.hibernate.annotations.common.Version   : HCANN000001: Hibernate Commons Annotations {5.0.4.Final}
2021-11-14 19:41:05.347  INFO 3720 --- [main] org.hibernate.dialect.Dialect            : HHH000400: Using dialect: org.hibernate.dialect.MySQL5Dialect
2021-11-14 19:41:06.385  INFO 3720 --- [main] j.LocalContainerEntityManagerFactoryBean : Initialized JPA EntityManagerFactory for persistence unit 'default'
2021-11-14 19:41:06.722  INFO 3720 --- [main] o.h.h.i.QueryTranslatorFactoryInitiator  : HHH000397: Using ASTQueryTranslatorFactory
2021-11-14 19:41:07.904  INFO 3720 --- [main] o.s.s.concurrent.ThreadPoolTaskExecutor  : Initializing ExecutorService 'applicationTaskExecutor'
2021-11-14 19:41:07.984  WARN 3720 --- [main] aWebConfiguration$JpaWebMvcConfiguration : spring.jpa.open-in-view is enabled by default. Therefore, database queries may be performed during view rendering. Explicitly configure spring.jpa.open-in-view to disable this warning
2021-11-14 19:41:08.393  INFO 3720 --- [main] tn.esprit.spring.tests.MissionTest       : Started MissionTest in 5.856 seconds (JVM running for 6.648)
2021-11-14 19:41:08.425  INFO 3720 --- [Time-limited test] tn.esprit.spring.tests.MissionTest       : let's start , show me all missions ? 
2021-11-14 19:41:08.446  INFO 3720 --- [Time-limited test] tn.esprit.spring.tests.MissionTest       : started add test ! 
2021-11-14 19:41:08.449  INFO 3720 --- [Time-limited test] tn.esprit.spring.tests.MissionTest       : first missiontn.esprit.spring.entities.Mission@62ad8951
2021-11-14 19:41:08.451  INFO 3720 --- [Time-limited test] tn.esprit.spring.tests.MissionTest       : Test add mission done successfully ! 
2021-11-14 19:41:08.558  INFO 3720 --- [Thread-3] o.s.s.concurrent.ThreadPoolTaskExecutor  : Shutting down ExecutorService 'applicationTaskExecutor'
2021-11-14 19:41:08.561  INFO 3720 --- [Thread-3] j.LocalContainerEntityManagerFactoryBean : Closing JPA EntityManagerFactory for persistence unit 'default'
2021-11-14 19:41:08.565  INFO 3720 --- [Thread-3] com.zaxxer.hikari.HikariDataSource       : HikariPool-1 - Shutdown initiated...
2021-11-14 19:41:08.574  INFO 3720 --- [Thread-3] com.zaxxer.hikari.HikariDataSource       : HikariPool-1 - Shutdown completed.
2021-11-14 19:42:17.318  INFO 13680 --- [main] tn.esprit.spring.tests.MissionTest       : Starting MissionTest on DESKTOP-VE03B7P with PID 13680 (started by ASUS in C:\Users\ASUS\Desktop\TimesheetProject)
2021-11-14 19:42:17.323  INFO 13680 --- [main] tn.esprit.spring.tests.MissionTest       : No active profile set, falling back to default profiles: default
2021-11-14 19:42:18.190  INFO 13680 --- [main] .s.d.r.c.RepositoryConfigurationDelegate : Bootstrapping Spring Data repositories in DEFAULT mode.
2021-11-14 19:42:18.311  INFO 13680 --- [main] .s.d.r.c.RepositoryConfigurationDelegate : Finished Spring Data repository scanning in 112ms. Found 6 repository interfaces.
2021-11-14 19:42:19.069  INFO 13680 --- [main] trationDelegate$BeanPostProcessorChecker : Bean 'org.springframework.transaction.annotation.ProxyTransactionManagementConfiguration' of type [org.springframework.transaction.annotation.ProxyTransactionManagementConfiguration$$EnhancerBySpringCGLIB$$2b649a64] is not eligible for getting processed by all BeanPostProcessors (for example: not eligible for auto-proxying)
2021-11-14 19:42:19.288  INFO 13680 --- [main] com.zaxxer.hikari.HikariDataSource       : HikariPool-1 - Starting...
2021-11-14 19:42:19.423  INFO 13680 --- [main] com.zaxxer.hikari.HikariDataSource       : HikariPool-1 - Start completed.
2021-11-14 19:42:19.480  INFO 13680 --- [main] o.hibernate.jpa.internal.util.LogHelper  : HHH000204: Processing PersistenceUnitInfo [
	name: default
	...]
2021-11-14 19:42:19.538  INFO 13680 --- [main] org.hibernate.Version                    : HHH000412: Hibernate Core {5.3.9.Final}
2021-11-14 19:42:19.540  INFO 13680 --- [main] org.hibernate.cfg.Environment            : HHH000206: hibernate.properties not found
2021-11-14 19:42:19.588  INFO 13680 --- [main] o.hibernate.annotations.common.Version   : HCANN000001: Hibernate Commons Annotations {5.0.4.Final}
2021-11-14 19:42:19.824  INFO 13680 --- [main] org.hibernate.dialect.Dialect            : HHH000400: Using dialect: org.hibernate.dialect.MySQL5Dialect
2021-11-14 19:42:20.798  INFO 13680 --- [main] j.LocalContainerEntityManagerFactoryBean : Initialized JPA EntityManagerFactory for persistence unit 'default'
2021-11-14 19:42:21.137  INFO 13680 --- [main] o.h.h.i.QueryTranslatorFactoryInitiator  : HHH000397: Using ASTQueryTranslatorFactory
2021-11-14 19:42:22.294  INFO 13680 --- [main] o.s.s.concurrent.ThreadPoolTaskExecutor  : Initializing ExecutorService 'applicationTaskExecutor'
2021-11-14 19:42:22.362  WARN 13680 --- [main] aWebConfiguration$JpaWebMvcConfiguration : spring.jpa.open-in-view is enabled by default. Therefore, database queries may be performed during view rendering. Explicitly configure spring.jpa.open-in-view to disable this warning
2021-11-14 19:42:22.761  INFO 13680 --- [main] tn.esprit.spring.tests.MissionTest       : Started MissionTest in 5.762 seconds (JVM running for 6.573)
2021-11-14 19:42:22.791  INFO 13680 --- [Time-limited test] tn.esprit.spring.tests.MissionTest       : let's start , show me all missions ? 
2021-11-14 19:42:22.813  INFO 13680 --- [Time-limited test] tn.esprit.spring.tests.MissionTest       : started add test ! 
2021-11-14 19:42:22.817  INFO 13680 --- [Time-limited test] tn.esprit.spring.tests.MissionTest       : first missiontn.esprit.spring.entities.Mission@4676962e
2021-11-14 19:42:22.819  INFO 13680 --- [Time-limited test] tn.esprit.spring.tests.MissionTest       : Test add mission done successfully ! 
2021-11-14 19:42:22.888  INFO 13680 --- [Thread-3] o.s.s.concurrent.ThreadPoolTaskExecutor  : Shutting down ExecutorService 'applicationTaskExecutor'
2021-11-14 19:42:22.890  INFO 13680 --- [Thread-3] j.LocalContainerEntityManagerFactoryBean : Closing JPA EntityManagerFactory for persistence unit 'default'
2021-11-14 19:42:22.893  INFO 13680 --- [Thread-3] com.zaxxer.hikari.HikariDataSource       : HikariPool-1 - Shutdown initiated...
2021-11-14 19:42:22.898  INFO 13680 --- [Thread-3] com.zaxxer.hikari.HikariDataSource       : HikariPool-1 - Shutdown completed.
2021-11-14 19:42:59.378  INFO 10900 --- [main] tn.esprit.spring.tests.MissionTest       : Starting MissionTest on DESKTOP-VE03B7P with PID 10900 (started by ASUS in C:\Users\ASUS\Desktop\TimesheetProject)
2021-11-14 19:42:59.384  INFO 10900 --- [main] tn.esprit.spring.tests.MissionTest       : No active profile set, falling back to default profiles: default
2021-11-14 19:43:00.222  INFO 10900 --- [main] .s.d.r.c.RepositoryConfigurationDelegate : Bootstrapping Spring Data repositories in DEFAULT mode.
2021-11-14 19:43:00.298  INFO 10900 --- [main] .s.d.r.c.RepositoryConfigurationDelegate : Finished Spring Data repository scanning in 69ms. Found 6 repository interfaces.
2021-11-14 19:43:01.013  INFO 10900 --- [main] trationDelegate$BeanPostProcessorChecker : Bean 'org.springframework.transaction.annotation.ProxyTransactionManagementConfiguration' of type [org.springframework.transaction.annotation.ProxyTransactionManagementConfiguration$$EnhancerBySpringCGLIB$$7c267930] is not eligible for getting processed by all BeanPostProcessors (for example: not eligible for auto-proxying)
2021-11-14 19:43:01.239  INFO 10900 --- [main] com.zaxxer.hikari.HikariDataSource       : HikariPool-1 - Starting...
2021-11-14 19:43:01.381  INFO 10900 --- [main] com.zaxxer.hikari.HikariDataSource       : HikariPool-1 - Start completed.
2021-11-14 19:43:01.445  INFO 10900 --- [main] o.hibernate.jpa.internal.util.LogHelper  : HHH000204: Processing PersistenceUnitInfo [
	name: default
	...]
2021-11-14 19:43:01.510  INFO 10900 --- [main] org.hibernate.Version                    : HHH000412: Hibernate Core {5.3.9.Final}
2021-11-14 19:43:01.511  INFO 10900 --- [main] org.hibernate.cfg.Environment            : HHH000206: hibernate.properties not found
2021-11-14 19:43:01.551  INFO 10900 --- [main] o.hibernate.annotations.common.Version   : HCANN000001: Hibernate Commons Annotations {5.0.4.Final}
2021-11-14 19:43:01.787  INFO 10900 --- [main] org.hibernate.dialect.Dialect            : HHH000400: Using dialect: org.hibernate.dialect.MySQL5Dialect
2021-11-14 19:43:02.789  INFO 10900 --- [main] j.LocalContainerEntityManagerFactoryBean : Initialized JPA EntityManagerFactory for persistence unit 'default'
2021-11-14 19:43:03.122  INFO 10900 --- [main] o.h.h.i.QueryTranslatorFactoryInitiator  : HHH000397: Using ASTQueryTranslatorFactory
2021-11-14 19:43:04.229  INFO 10900 --- [main] o.s.s.concurrent.ThreadPoolTaskExecutor  : Initializing ExecutorService 'applicationTaskExecutor'
2021-11-14 19:43:04.288  WARN 10900 --- [main] aWebConfiguration$JpaWebMvcConfiguration : spring.jpa.open-in-view is enabled by default. Therefore, database queries may be performed during view rendering. Explicitly configure spring.jpa.open-in-view to disable this warning
2021-11-14 19:43:04.698  INFO 10900 --- [main] tn.esprit.spring.tests.MissionTest       : Started MissionTest in 5.633 seconds (JVM running for 6.362)
2021-11-14 19:43:04.732  INFO 10900 --- [Time-limited test] tn.esprit.spring.tests.MissionTest       : let's start , show me all missions ? 
2021-11-14 19:43:04.754  INFO 10900 --- [Time-limited test] tn.esprit.spring.tests.MissionTest       : started add test ! 
2021-11-14 19:43:04.757  INFO 10900 --- [Time-limited test] tn.esprit.spring.tests.MissionTest       : first missiontn.esprit.spring.entities.Mission@28902693
2021-11-14 19:43:04.759  INFO 10900 --- [Time-limited test] tn.esprit.spring.tests.MissionTest       : Test add mission done successfully ! 
2021-11-14 19:43:04.826  INFO 10900 --- [Thread-3] o.s.s.concurrent.ThreadPoolTaskExecutor  : Shutting down ExecutorService 'applicationTaskExecutor'
2021-11-14 19:43:04.828  INFO 10900 --- [Thread-3] j.LocalContainerEntityManagerFactoryBean : Closing JPA EntityManagerFactory for persistence unit 'default'
2021-11-14 19:43:04.832  INFO 10900 --- [Thread-3] com.zaxxer.hikari.HikariDataSource       : HikariPool-1 - Shutdown initiated...
2021-11-14 19:43:04.837  INFO 10900 --- [Thread-3] com.zaxxer.hikari.HikariDataSource       : HikariPool-1 - Shutdown completed.
